Lausanne
200
Bellinzona
196
Steffisburg
192
Schlieren
189
Wetzikon
185
Burgdorf
181
Uster
179
Cham
176
Neuch??tel
172
Martigny
169
Schaffhausen
167
Regensdorf
166
Lancy
164
Volketswil
163
Thun
160
Vernier
154
Pratteln
150
Locarno
149
Bulle
147
Carouge
146
Binningen
142
Zug
141
Onex
138
K??snacht
134
Schwyz
128
Muttenz
123
Meyrin
117
Lyss
116
Bern
114
Werdenberg
113
Adliswil
110
Kloten
106
Gossau
101
Thalwil
94
Biel
90
Meilen
86
Arbon
85
Nyon
83
Freienbach
82
Dietikon
78
Monthey
74
Lugano
71
Richterswil
64
Ostermundigen
59
Riehen
58
Horgen
57
Versoix
53
Langenthal
49
Rapperswil-Jona
48
Solothurn
44
Yverdon-les-Bains
43
Baar
38
Pully
35
Fribourg
30
Horw
26
La Chaux-de-Fonds
25
Glarus Nord
22
Z??rich
20
Liestal
19
Baden
15
D??bendorf
13
Montreux
7
Montreux
